<?xml version="1.0" encoding="UTF-8"?>
<!-- Generated by org.testng.reporters.JUnitXMLReporter -->
<testsuite ignored="8" hostname="LAPTOP-R4KD4R46" failures="0" tests="5" name="TestRunner-Firefox" time="156.254" errors="0" timestamp="2021-10-10T19:58:52 IST">
  <testcase classname="testScript1.CreateOrgWithoutShippingAddress" name="createOrgWithoutShippingAddress" time="16.123"/>
  <testcase classname="testScript1.CreateOrganisation" name="TC_16" time="10.686"/>
  <testcase classname="testScript1.CreateOrgCopyBillingAddressEnabled" name="Tc_17" time="9.837"/>
  <testcase classname="testScript1.CreateOrgWithBillingAddress" name="createOrgWithBillingAddress" time="23.054"/>
  <testcase classname="testScript1.CreateorgWithShippingAddress" name="Tc_18" time="17.57"/>
  <testcase classname="com.crme.vtiger.Genericutils.BaseClass" name="@BeforeSuite connectDB" time="0.0">
    <ignored/>
  </testcase> <!-- @BeforeSuite connectDB -->
  <testcase classname="com.crme.vtiger.Genericutils.BaseClass" name="@BeforeSuite connectDB" time="0.0">
    <ignored/>
  </testcase> <!-- @BeforeSuite connectDB -->
  <testcase classname="com.crme.vtiger.Genericutils.BaseClass" name="@BeforeSuite connectDB" time="0.0">
    <ignored/>
  </testcase> <!-- @BeforeSuite connectDB -->
  <testcase classname="com.crme.vtiger.Genericutils.BaseClass" name="@BeforeSuite connectDB" time="0.0">
    <ignored/>
  </testcase> <!-- @BeforeSuite connectDB -->
  <testcase classname="com.crme.vtiger.Genericutils.BaseClass" name="@AfterSuite closeDB" time="0.0">
    <ignored/>
  </testcase> <!-- @AfterSuite closeDB -->
  <testcase classname="com.crme.vtiger.Genericutils.BaseClass" name="@AfterSuite closeDB" time="0.0">
    <ignored/>
  </testcase> <!-- @AfterSuite closeDB -->
  <testcase classname="com.crme.vtiger.Genericutils.BaseClass" name="@AfterSuite closeDB" time="0.0">
    <ignored/>
  </testcase> <!-- @AfterSuite closeDB -->
  <testcase classname="com.crme.vtiger.Genericutils.BaseClass" name="@AfterSuite closeDB" time="0.0">
    <ignored/>
  </testcase> <!-- @AfterSuite closeDB -->
</testsuite> <!-- TestRunner-Firefox -->
