<?xml version="1.0" encoding="UTF-8"?>
<testng-results ignored="8" total="13" passed="5" failed="0" skipped="0">
  <reporter-output>
  </reporter-output>
  <suite started-at="2021-10-13T16:11:15 IST" name="Suite" finished-at="2021-10-13T16:14:48 IST" duration-ms="212809">
    <groups>
      <group name="regression">
        <method signature="CreateOrgCopyBillingAddressEnabled.Tc_17()[pri:0, instance:testScript1.CreateOrgCopyBillingAddressEnabled@e15b7e8]" name="Tc_17" class="testScript1.CreateOrgCopyBillingAddressEnabled"/>
        <method signature="CreateOrgWithoutShippingAddress.createOrgWithoutShippingAddress()[pri:0, instance:testScript1.CreateOrgWithoutShippingAddress@5ba3f27a]" name="createOrgWithoutShippingAddress" class="testScript1.CreateOrgWithoutShippingAddress"/>
        <method signature="CreateorgWithShippingAddress.Tc_18()[pri:0, instance:testScript1.CreateorgWithShippingAddress@6392827e]" name="Tc_18" class="testScript1.CreateorgWithShippingAddress"/>
      </group> <!-- regression -->
      <group name="smokeTest">
        <method signature="CreateOrgWithBillingAddress.createOrgWithBillingAddress()[pri:0, instance:testScript1.CreateOrgWithBillingAddress@1b2abca6]" name="createOrgWithBillingAddress" class="testScript1.CreateOrgWithBillingAddress"/>
        <method signature="CreateOrganisation.TC_16()[pri:0, instance:testScript1.CreateOrganisation@209da20d]" name="TC_16" class="testScript1.CreateOrganisation"/>
      </group> <!-- smokeTest -->
    </groups>
    <test started-at="2021-10-13T16:11:15 IST" name="Test" finished-at="2021-10-13T16:14:48 IST" duration-ms="212809">
      <class name="testScript1.CreateOrgCopyBillingAddressEnabled">
        <test-method is-config="true" signature="launchBrowser()[pri:0, instance:testScript1.CreateOrgCopyBillingAddressEnabled@e15b7e8]" started-at="2021-10-13T16:13:10 IST" name="launchBrowser" finished-at="2021-10-13T16:13:16 IST" duration-ms="6315" status="PASS">
          <reporter-output>
          </reporter-output>
        </test-method> <!-- launchBrowser -->
        <test-method is-config="true" signature="loginToApp()[pri:0, instance:testScript1.CreateOrgCopyBillingAddressEnabled@e15b7e8]" started-at="2021-10-13T16:13:16 IST" name="loginToApp" finished-at="2021-10-13T16:13:22 IST" duration-ms="5525" status="PASS">
          <reporter-output>
          </reporter-output>
        </test-method> <!-- loginToApp -->
        <test-method signature="Tc_17()[pri:0, instance:testScript1.CreateOrgCopyBillingAddressEnabled@e15b7e8]" started-at="2021-10-13T16:13:22 IST" name="Tc_17" finished-at="2021-10-13T16:13:34 IST" duration-ms="12588" status="PASS">
          <reporter-output>
          </reporter-output>
        </test-method> <!-- Tc_17 -->
        <test-method is-config="true" signature="logoutOfApp()[pri:0, instance:testScript1.CreateOrgCopyBillingAddressEnabled@e15b7e8]" started-at="2021-10-13T16:13:34 IST" name="logoutOfApp" finished-at="2021-10-13T16:13:36 IST" duration-ms="2083" status="PASS">
          <reporter-output>
          </reporter-output>
        </test-method> <!-- logoutOfApp -->
        <test-method is-config="true" signature="closeBrowser()[pri:0, instance:testScript1.CreateOrgCopyBillingAddressEnabled@e15b7e8]" started-at="2021-10-13T16:13:36 IST" name="closeBrowser" finished-at="2021-10-13T16:13:36 IST" duration-ms="161" status="PASS">
          <reporter-output>
          </reporter-output>
        </test-method> <!-- closeBrowser -->
      </class> <!-- testScript1.CreateOrgCopyBillingAddressEnabled -->
      <class name="testScript1.CreateOrganisation">
        <test-method is-config="true" signature="launchBrowser()[pri:0, instance:testScript1.CreateOrganisation@209da20d]" started-at="2021-10-13T16:12:36 IST" name="launchBrowser" finished-at="2021-10-13T16:12:46 IST" duration-ms="10428" status="PASS">
          <reporter-output>
          </reporter-output>
        </test-method> <!-- launchBrowser -->
        <test-method is-config="true" signature="loginToApp()[pri:0, instance:testScript1.CreateOrganisation@209da20d]" started-at="2021-10-13T16:12:46 IST" name="loginToApp" finished-at="2021-10-13T16:12:52 IST" duration-ms="5792" status="PASS">
          <reporter-output>
          </reporter-output>
        </test-method> <!-- loginToApp -->
        <test-method signature="TC_16()[pri:0, instance:testScript1.CreateOrganisation@209da20d]" started-at="2021-10-13T16:12:52 IST" name="TC_16" finished-at="2021-10-13T16:13:07 IST" duration-ms="15222" status="PASS">
          <reporter-output>
          </reporter-output>
        </test-method> <!-- TC_16 -->
        <test-method is-config="true" signature="logoutOfApp()[pri:0, instance:testScript1.CreateOrganisation@209da20d]" started-at="2021-10-13T16:13:07 IST" name="logoutOfApp" finished-at="2021-10-13T16:13:10 IST" duration-ms="2410" status="PASS">
          <reporter-output>
          </reporter-output>
        </test-method> <!-- logoutOfApp -->
        <test-method is-config="true" signature="closeBrowser()[pri:0, instance:testScript1.CreateOrganisation@209da20d]" started-at="2021-10-13T16:13:10 IST" name="closeBrowser" finished-at="2021-10-13T16:13:10 IST" duration-ms="156" status="PASS">
          <reporter-output>
          </reporter-output>
        </test-method> <!-- closeBrowser -->
      </class> <!-- testScript1.CreateOrganisation -->
      <class name="testScript1.CreateOrgWithoutShippingAddress">
        <test-method is-config="true" signature="connectDB()[pri:0, instance:testScript1.CreateOrgWithoutShippingAddress@5ba3f27a]" started-at="2021-10-13T16:11:15 IST" name="connectDB" finished-at="2021-10-13T16:11:15 IST" duration-ms="24" status="PASS">
          <reporter-output>
          </reporter-output>
        </test-method> <!-- connectDB -->
        <test-method is-config="true" signature="launchBrowser()[pri:0, instance:testScript1.CreateOrgWithoutShippingAddress@5ba3f27a]" started-at="2021-10-13T16:11:15 IST" name="launchBrowser" finished-at="2021-10-13T16:11:33 IST" duration-ms="18699" status="PASS">
          <reporter-output>
          </reporter-output>
        </test-method> <!-- launchBrowser -->
        <test-method is-config="true" signature="loginToApp()[pri:0, instance:testScript1.CreateOrgWithoutShippingAddress@5ba3f27a]" started-at="2021-10-13T16:11:34 IST" name="loginToApp" finished-at="2021-10-13T16:11:48 IST" duration-ms="14773" status="PASS">
          <reporter-output>
          </reporter-output>
        </test-method> <!-- loginToApp -->
        <test-method signature="createOrgWithoutShippingAddress()[pri:0, instance:testScript1.CreateOrgWithoutShippingAddress@5ba3f27a]" started-at="2021-10-13T16:11:48 IST" name="createOrgWithoutShippingAddress" finished-at="2021-10-13T16:12:32 IST" duration-ms="43350" status="PASS">
          <reporter-output>
          </reporter-output>
        </test-method> <!-- createOrgWithoutShippingAddress -->
        <test-method is-config="true" signature="logoutOfApp()[pri:0, instance:testScript1.CreateOrgWithoutShippingAddress@5ba3f27a]" started-at="2021-10-13T16:12:32 IST" name="logoutOfApp" finished-at="2021-10-13T16:12:35 IST" duration-ms="3134" status="PASS">
          <reporter-output>
          </reporter-output>
        </test-method> <!-- logoutOfApp -->
        <test-method is-config="true" signature="closeBrowser()[pri:0, instance:testScript1.CreateOrgWithoutShippingAddress@5ba3f27a]" started-at="2021-10-13T16:12:35 IST" name="closeBrowser" finished-at="2021-10-13T16:12:36 IST" duration-ms="868" status="PASS">
          <reporter-output>
          </reporter-output>
        </test-method> <!-- closeBrowser -->
        <test-method is-config="true" signature="closeDB()[pri:0, instance:testScript1.CreateOrgWithoutShippingAddress@5ba3f27a]" started-at="2021-10-13T16:14:48 IST" name="closeDB" finished-at="2021-10-13T16:14:48 IST" duration-ms="0" status="PASS">
          <reporter-output>
          </reporter-output>
        </test-method> <!-- closeDB -->
      </class> <!-- testScript1.CreateOrgWithoutShippingAddress -->
      <class name="testScript1.CreateorgWithShippingAddress">
        <test-method is-config="true" signature="launchBrowser()[pri:0, instance:testScript1.CreateorgWithShippingAddress@6392827e]" started-at="2021-10-13T16:14:12 IST" name="launchBrowser" finished-at="2021-10-13T16:14:18 IST" duration-ms="6035" status="PASS">
          <reporter-output>
          </reporter-output>
        </test-method> <!-- launchBrowser -->
        <test-method is-config="true" signature="loginToApp()[pri:0, instance:testScript1.CreateorgWithShippingAddress@6392827e]" started-at="2021-10-13T16:14:18 IST" name="loginToApp" finished-at="2021-10-13T16:14:23 IST" duration-ms="4994" status="PASS">
          <reporter-output>
          </reporter-output>
        </test-method> <!-- loginToApp -->
        <test-method signature="Tc_18()[pri:0, instance:testScript1.CreateorgWithShippingAddress@6392827e]" started-at="2021-10-13T16:14:23 IST" name="Tc_18" finished-at="2021-10-13T16:14:45 IST" duration-ms="21873" status="PASS">
          <reporter-output>
          </reporter-output>
        </test-method> <!-- Tc_18 -->
        <test-method is-config="true" signature="logoutOfApp()[pri:0, instance:testScript1.CreateorgWithShippingAddress@6392827e]" started-at="2021-10-13T16:14:45 IST" name="logoutOfApp" finished-at="2021-10-13T16:14:47 IST" duration-ms="2359" status="PASS">
          <reporter-output>
          </reporter-output>
        </test-method> <!-- logoutOfApp -->
        <test-method is-config="true" signature="closeBrowser()[pri:0, instance:testScript1.CreateorgWithShippingAddress@6392827e]" started-at="2021-10-13T16:14:47 IST" name="closeBrowser" finished-at="2021-10-13T16:14:48 IST" duration-ms="644" status="PASS">
          <reporter-output>
          </reporter-output>
        </test-method> <!-- closeBrowser -->
      </class> <!-- testScript1.CreateorgWithShippingAddress -->
      <class name="testScript1.CreateOrgWithBillingAddress">
        <test-method is-config="true" signature="launchBrowser()[pri:0, instance:testScript1.CreateOrgWithBillingAddress@1b2abca6]" started-at="2021-10-13T16:13:36 IST" name="launchBrowser" finished-at="2021-10-13T16:13:43 IST" duration-ms="6137" status="PASS">
          <reporter-output>
          </reporter-output>
        </test-method> <!-- launchBrowser -->
        <test-method is-config="true" signature="loginToApp()[pri:0, instance:testScript1.CreateOrgWithBillingAddress@1b2abca6]" started-at="2021-10-13T16:13:43 IST" name="loginToApp" finished-at="2021-10-13T16:13:47 IST" duration-ms="4535" status="PASS">
          <reporter-output>
          </reporter-output>
        </test-method> <!-- loginToApp -->
        <test-method signature="createOrgWithBillingAddress()[pri:0, instance:testScript1.CreateOrgWithBillingAddress@1b2abca6]" started-at="2021-10-13T16:13:47 IST" name="createOrgWithBillingAddress" finished-at="2021-10-13T16:14:09 IST" duration-ms="21966" status="PASS">
          <reporter-output>
          </reporter-output>
        </test-method> <!-- createOrgWithBillingAddress -->
        <test-method is-config="true" signature="logoutOfApp()[pri:0, instance:testScript1.CreateOrgWithBillingAddress@1b2abca6]" started-at="2021-10-13T16:14:09 IST" name="logoutOfApp" finished-at="2021-10-13T16:14:11 IST" duration-ms="2305" status="PASS">
          <reporter-output>
          </reporter-output>
        </test-method> <!-- logoutOfApp -->
        <test-method is-config="true" signature="closeBrowser()[pri:0, instance:testScript1.CreateOrgWithBillingAddress@1b2abca6]" started-at="2021-10-13T16:14:11 IST" name="closeBrowser" finished-at="2021-10-13T16:14:12 IST" duration-ms="171" status="PASS">
          <reporter-output>
          </reporter-output>
        </test-method> <!-- closeBrowser -->
      </class> <!-- testScript1.CreateOrgWithBillingAddress -->
    </test> <!-- Test -->
  </suite> <!-- Suite -->
</testng-results>
